{
  "RSpec": {
    "coverage": {
      "/Users/student/Desktop/Projects/bank-tech-test/spec/account_spec.rb": {
        "lines": [
          1,
          null,
          1,
          6,
          6,
          6,
          null,
          1,
          1,
          1,
          null,
          null,
          null,
          1,
          1,
          1,
          1,
          1,
          null,
          null,
          null,
          1,
          1,
          1,
          1,
          1,
          null,
          null,
          null,
          1,
          1,
          2,
          2,
          null,
          null,
          1,
          1,
          1,
          null,
          1,
          1,
          1,
          null,
          null,
          null
        ]
      },
      "/Users/student/Desktop/Projects/bank-tech-test/lib/account.rb": {
        "lines": [
          1,
          1,
          null,
          1,
          1,
          null,
          1,
          5,
          5,
          null,
          null,
          1,
          1,
          null,
          null,
          1,
          1,
          null,
          null,
          1,
          2,
          null,
          null,
          null
        ]
      },
      "/Users/student/Desktop/Projects/bank-tech-test/lib/transactions.rb": {
        "lines": [
          1,
          1,
          null,
          1,
          null,
          1,
          7,
          7,
          null,
          null,
          1,
          4,
          4,
          null,
          null,
          1,
          3,
          2,
          2,
          null,
          null,
          1,
          null,
          1,
          null,
          4,
          null,
          null,
          null,
          null,
          4,
          null,
          null,
          1,
          null,
          2,
          null,
          null,
          null,
          null,
          2,
          null,
          null,
          1,
          4,
          null,
          null,
          1,
          2,
          null,
          null,
          null
        ]
      },
      "/Users/student/Desktop/Projects/bank-tech-test/lib/statement.rb": {
        "lines": [
          1,
          null,
          1,
          1,
          1,
          2,
          null,
          null,
          null,
          null,
          null,
          null,
          1,
          1,
          null,
          null,
          null
        ]
      },
      "/Users/student/Desktop/Projects/bank-tech-test/spec/statement_spec.rb": {
        "lines": [
          1,
          null,
          1,
          2,
          null,
          1,
          1,
          null,
          null,
          null,
          1,
          1,
          1,
          null,
          null,
          null,
          1,
          2,
          null,
          null,
          null
        ]
      },
      "/Users/student/Desktop/Projects/bank-tech-test/spec/transaction_spec.rb": {
        "lines": [
          1,
          null,
          1,
          8,
          1,
          2,
          null,
          1,
          1,
          null,
          1,
          null,
          1,
          1,
          1,
          null,
          1,
          1,
          null,
          null,
          null,
          1,
          1,
          1,
          1,
          null,
          null,
          null,
          1,
          1,
          1,
          1,
          1,
          null,
          1,
          2,
          null,
          null,
          null,
          1,
          1,
          1,
          1,
          null,
          1,
          1,
          1,
          1,
          null,
          null,
          null,
          null
        ]
      }
    },
    "timestamp": 1587482860
  }
}
